[debug] [2023-08-24T23:49:51.934Z] ----------------------------------------------------------------------
[debug] [2023-08-24T23:49:51.936Z] Command:       /opt/homebrew/Cellar/node/20.1.0/bin/node /opt/homebrew/bin/firebase login --reauth
[debug] [2023-08-24T23:49:51.936Z] CLI Version:   11.21.0
[debug] [2023-08-24T23:49:51.936Z] Platform:      darwin
[debug] [2023-08-24T23:49:51.936Z] Node Version:  v20.1.0
[debug] [2023-08-24T23:49:51.937Z] Time:          Thu Aug 24 2023 16:49:51 GMT-0700 (Pacific Daylight Time)
[debug] [2023-08-24T23:49:51.937Z] ----------------------------------------------------------------------
[debug] 
[info] 
[info] Visit this URL on this device to log in:
[info] https://accounts.google.com/o/oauth2/auth?client_id=563584335869-fgrhgmd47bqnekij5i8b5pr03ho849e6.apps.googleusercontent.com&scope=email%20openid%20https%3A%2F%2Fwww.googleapis.com%2Fauth%2Fcloudplatformprojects.readonly%20https%3A%2F%2Fwww.googleapis.com%2Fauth%2Ffirebase%20https%3A%2F%2Fwww.googleapis.com%2Fauth%2Fcloud-platform&response_type=code&state=474398192&redirect_uri=http%3A%2F%2Flocalhost%3A9005&login_hint=machadao1407%40gmail.com
[info] 
[info] Waiting for authentication...
[debug] [2023-08-24T23:49:59.397Z] ----------------------------------------------------------------------
[debug] [2023-08-24T23:49:59.398Z] Command:       /opt/homebrew/Cellar/node/20.1.0/bin/node /opt/homebrew/bin/firebase init
[debug] [2023-08-24T23:49:59.399Z] CLI Version:   11.21.0
[debug] [2023-08-24T23:49:59.399Z] Platform:      darwin
[debug] [2023-08-24T23:49:59.399Z] Node Version:  v20.1.0
[debug] [2023-08-24T23:49:59.399Z] Time:          Thu Aug 24 2023 16:49:59 GMT-0700 (Pacific Daylight Time)
[debug] [2023-08-24T23:49:59.399Z] ----------------------------------------------------------------------
[debug] 
[debug] [2023-08-24T23:49:59.401Z] > command requires scopes: ["email","openid","https://www.googleapis.com/auth/cloudplatformprojects.readonly","https://www.googleapis.com/auth/firebase","https://www.googleapis.com/auth/cloud-platform"]
[debug] [2023-08-24T23:49:59.401Z] > authorizing via signed-in user (machadao1407@gmail.com)
[info] 
     ######## #### ########  ######## ########     ###     ######  ########
     ##        ##  ##     ## ##       ##     ##  ##   ##  ##       ##
     ######    ##  ########  ######   ########  #########  ######  ######
     ##        ##  ##    ##  ##       ##     ## ##     ##       ## ##
     ##       #### ##     ## ######## ########  ##     ##  ######  ########

You're about to initialize a Firebase project in this directory:

  /Users/pedrotech/Documents/YoutubeProjects/expense-tracker

[info] 
=== Project Setup
[info] 
[info] First, let's associate this project directory with a Firebase project.
[info] You can create multiple project aliases by running firebase use --add, 
[info] but for now we'll just set up a default project.
[info] 
[debug] [2023-08-24T23:50:06.448Z] >>> [apiv2][query] GET https://firebase.googleapis.com/v1beta1/projects pageSize=100
[debug] [2023-08-24T23:50:06.890Z] <<< [apiv2][status] GET https://firebase.googleapis.com/v1beta1/projects 200
[debug] [2023-08-24T23:50:06.890Z] <<< [apiv2][body] GET https://firebase.googleapis.com/v1beta1/projects [omitted]
[info] i  Using project expense-tracker-d14e8 (expense-tracker) 
[info] 
=== Hosting Setup
[info] 
[info] Your public directory is the folder (relative to your project directory) that
[info] will contain Hosting assets to be uploaded with firebase deploy. If you
[info] have a build process for your assets, use your build's output directory.
[info] 
[info] ✔  Wrote public/404.html 
[debug] [2023-08-24T23:51:07.915Z] >>> [apiv2][query] GET https://www.gstatic.com/firebasejs/releases.json [none]
[debug] [2023-08-24T23:51:07.971Z] <<< [apiv2][status] GET https://www.gstatic.com/firebasejs/releases.json 200
[debug] [2023-08-24T23:51:07.972Z] <<< [apiv2][body] GET https://www.gstatic.com/firebasejs/releases.json {"current":{"version":"10.3.0","browserURL":"https://www.gstatic.com/firebasejs/10.3.0/firebase.js","packageURL":"https://www.gstatic.com/firebasejs/10.3.0/firebase.tgz"},"live":{"version":"10.3","browserURL":"https://www.gstatic.com/firebasejs/live/10.3/firebase.js","packageURL":"https://www.gstatic.com/firebasejs/live/10.3/firebase.tgz"},"components":{"analytics":"https://www.gstatic.com/firebasejs/10.3.0/firebase-analytics.js","app":"https://www.gstatic.com/firebasejs/10.3.0/firebase-app.js","app-check":"https://www.gstatic.com/firebasejs/10.3.0/firebase-app-check.js","auth":"https://www.gstatic.com/firebasejs/10.3.0/firebase-auth.js","auth/cordova":"https://www.gstatic.com/firebasejs/10.3.0/firebase-auth/cordova.js","functions":"https://www.gstatic.com/firebasejs/10.3.0/firebase-functions.js","firestore":"https://www.gstatic.com/firebasejs/10.3.0/firebase-firestore.js","firestore/lite":"https://www.gstatic.com/firebasejs/10.3.0/firebase-firestore/lite.js","installations":"https://www.gstatic.com/firebasejs/10.3.0/firebase-installations.js","storage":"https://www.gstatic.com/firebasejs/10.3.0/firebase-storage.js","performance":"https://www.gstatic.com/firebasejs/10.3.0/firebase-performance.js","remote-config":"https://www.gstatic.com/firebasejs/10.3.0/firebase-remote-config.js","messaging":"https://www.gstatic.com/firebasejs/10.3.0/firebase-messaging.js","messaging/sw":"https://www.gstatic.com/firebasejs/10.3.0/firebase-messaging/sw.js","database":"https://www.gstatic.com/firebasejs/10.3.0/firebase-database.js","firestore.memory":"https://www.gstatic.com/firebasejs/10.3.0/firebase-firestore.memory.js"}}
[info] i  Skipping write of public/index.html 
[info] 
[info] i  Detected a .git folder at /Users/pedrotech/Documents/YoutubeProjects/expense-tracker 
[info] i  Authorizing with GitHub to upload your service account to a GitHub repository's secrets store. 
[info] 
[info] Visit this URL on this device to log in:
[info] https://github.com/login/oauth/authorize?client_id=89cf50f02ac6aaed3484&state=848784734&redirect_uri=http%3A%2F%2Flocalhost%3A9005&scope=read%3Auser%20repo%20public_repo
[info] 
[info] Waiting for authentication...
[debug] [2023-08-24T23:52:22.487Z] >>> [apiv2][query] POST https://github.com/login/oauth/access_token [none]
[debug] [2023-08-24T23:52:22.487Z] >>> [apiv2][body] POST https://github.com/login/oauth/access_token [stream]
[debug] [2023-08-24T23:52:22.825Z] <<< [apiv2][status] POST https://github.com/login/oauth/access_token 200
[debug] [2023-08-24T23:52:22.826Z] <<< [apiv2][body] POST https://github.com/login/oauth/access_token {"access_token":"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","token_type":"bearer","scope":"read:user,repo"}
[debug] [2023-08-24T23:52:22.853Z] >>> [apiv2][query] GET https://api.github.com/user [none]
[debug] [2023-08-24T23:52:23.256Z] <<< [apiv2][status] GET https://api.github.com/user 200
[debug] [2023-08-24T23:52:23.257Z] <<< [apiv2][body] GET https://api.github.com/user {"login":"machadop1407","id":63262246,"node_id":"MDQ6VXNlcjYzMjYyMjQ2","avatar_url":"https://avatars.githubusercontent.com/u/63262246?v=4","gravatar_id":"","url":"https://api.github.com/users/machadop1407","html_url":"https://github.com/machadop1407","followers_url":"https://api.github.com/users/machadop1407/followers","following_url":"https://api.github.com/users/machadop1407/following{/other_user}","gists_url":"https://api.github.com/users/machadop1407/gists{/gist_id}","starred_url":"https://api.github.com/users/machadop1407/starred{/owner}{/repo}","subscriptions_url":"https://api.github.com/users/machadop1407/subscriptions","organizations_url":"https://api.github.com/users/machadop1407/orgs","repos_url":"https://api.github.com/users/machadop1407/repos","events_url":"https://api.github.com/users/machadop1407/events{/privacy}","received_events_url":"https://api.github.com/users/machadop1407/received_events","type":"User","site_admin":false,"name":"Pedro Henrique Machado","company":null,"blog":"","location":"Vancouver, British Columbia, Canada","email":null,"hireable":null,"bio":null,"twitter_username":null,"public_repos":93,"public_gists":0,"followers":5316,"following":11,"created_at":"2020-04-06T20:08:15Z","updated_at":"2023-05-28T22:38:16Z","private_gists":0,"total_private_repos":9,"owned_private_repos":9,"disk_usage":439987,"collaborators":2,"two_factor_authentication":true,"plan":{"name":"free","space":976562499,"collaborators":0,"private_repos":10000}}
[info] 
[info] ✔  Success! Logged into GitHub as machadop1407 
[info] 
